---
  0 debug pnpm:package-json: 
    initial: 
      name: "client"
      version: "1.0.0"
      description: "A Vue.js project"
      author: 
        name: "Grzegorz Uriasz"
        email: "gorbak25@gmail.com"
      private: true
      scripts: 
        dev: "node build/dev-server.js"
        start: "node build/dev-server.js"
        build: "node build/build.js"
        unit: "cross-env BABEL_ENV=test karma start test/unit/karma.conf.js --single-run"
        e2e: "node test/e2e/runner.js"
        test: "npm run unit && npm run e2e"
        lint: "eslint --ext .js,.vue src test/unit/specs test/e2e/specs"
      dependencies: 
        axios: "^0.18.0"
        bootstrap: "^4.0.0-beta.2"
        bootstrap-vue: "^2.0.0-rc.11"
        popper.js: "^1.12.9"
        vue: "^2.5.2"
        vue-router: "^3.0.1"
        vuex: "^3.0.1"
        vuex-persist: "^2.0.0"
      devDependencies: 
        autoprefixer: "^7.1.2"
        babel-core: "^6.22.1"
        babel-eslint: "^7.1.1"
        babel-loader: "^7.1.1"
        babel-plugin-transform-runtime: "^6.22.0"
        babel-preset-env: "^1.3.2"
        babel-preset-stage-2: "^6.22.0"
        babel-register: "^6.22.0"
        chalk: "^2.0.1"
        connect-history-api-fallback: "^1.3.0"
        copy-webpack-plugin: "^4.0.1"
        css-loader: "^0.28.0"
        cssnano: "^3.10.0"
        eslint: "^3.19.0"
        eslint-friendly-formatter: "^3.0.0"
        eslint-loader: "^1.7.1"
        eslint-plugin-html: "^3.0.0"
        eslint-config-standard: "^6.2.1"
        eslint-plugin-promise: "^3.4.0"
        eslint-plugin-standard: "^2.0.1"
        eventsource-polyfill: "^0.9.6"
        express: "^4.14.1"
        extract-text-webpack-plugin: "^2.0.0"
        file-loader: "^0.11.1"
        friendly-errors-webpack-plugin: "^1.1.3"
        html-webpack-plugin: "^2.28.0"
        http-proxy-middleware: "^0.17.3"
        webpack-bundle-analyzer: "^2.2.1"
        cross-env: "^5.0.1"
        karma: "^1.4.1"
        karma-coverage: "^1.1.1"
        karma-mocha: "^1.3.0"
        karma-phantomjs-launcher: "^1.0.2"
        karma-phantomjs-shim: "^1.4.0"
        karma-sinon-chai: "^1.3.1"
        karma-sourcemap-loader: "^0.3.7"
        karma-spec-reporter: "0.0.31"
        karma-webpack: "^2.0.2"
        mocha: "^3.2.0"
        chai: "^3.5.0"
        sinon: "^2.1.0"
        sinon-chai: "^2.8.0"
        inject-loader: "^3.0.0"
        babel-plugin-istanbul: "^4.1.1"
        phantomjs-prebuilt: "^2.1.14"
        chromedriver: "^2.27.2"
        cross-spawn: "^5.0.1"
        nightwatch: "^0.9.12"
        selenium-server: "^3.0.1"
        semver: "^5.3.0"
        shelljs: "^0.7.6"
        opn: "^5.1.0"
        optimize-css-assets-webpack-plugin: "^2.0.0"
        ora: "^1.2.0"
        rimraf: "^2.6.0"
        url-loader: "^0.5.8"
        vue-loader: "^13.0.4"
        vue-style-loader: "^3.0.1"
        vue-template-compiler: "^2.4.2"
        webpack: "^2.6.1"
        webpack-dev-middleware: "^1.10.0"
        webpack-hot-middleware: "^2.18.0"
        webpack-merge: "^4.1.0"
      engines: 
        node: ">= 4.0.0"
        npm: ">= 3.0.0"
      browserslist: 
        - "> 1%"
        - "last 2 versions"
        - "not ie <= 8"
      readme: "# client\n\n> A Vue.js project\n\n## Build Setup\n\n``` bash\n# install dependencies\nnpm install\n\n# serve with hot reload at localhost:8080\nnpm run dev\n\n# build for production with minification\nnpm run build\n\n# build for production and view the bundle analyzer report\nnpm run build --report\n\n# run unit tests\nnpm run unit\n\n# run e2e tests\nnpm run e2e\n\n# run all tests\nnpm test\n```\n\nFor detailed explanation on how things work, checkout the [guide](http://vuejs-templates.github.io/webpack/) and [docs for vue-loader](http://vuejs.github.io/vue-loader).\n"
      readmeFilename: "README.md"
      _id: "client@1.0.0"
    prefix: "/home/test/aeternity_channels_tutorial/ae-cat-store/client"
  1 debug pnpm:stage: "resolution_started"
  2 debug pnpm:progress: 
    pkg: 
      rawSpec: "aeternity/aepp-sdk#feature/channels"
    status: "installing"
  3 debug pnpm:progress: 
    status: "error"
    pkg: 
      rawSpec: "aeternity/aepp-sdk#feature/channels"
  4 error pnpm: 
    message: 
      code: 128
      stdout: ""
      stderr: "Failed to add the RSA host key for IP address '140.82.118.4' to the list of known hosts (/home/test/.ssh/known_hosts).\r\nERROR: Repository not found.\nfatal: Could not read from remote repository.\n\nPlease make sure you have the correct access rights\nand the repository exists.\n"
      failed: true
      signal: null
      cmd: "git ls-remote --refs git+ssh://git@github.com/aeternity/aepp-sdk.git feature/channels"
      timedOut: false
      killed: false
    err: 
      name: "Error"
      message: "Command failed: git ls-remote --refs git+ssh://git@github.com/aeternity/aepp-sdk.git feature/channels\nFailed to add the RSA host key for IP address '140.82.118.4' to the list of known hosts (/home/test/.ssh/known_hosts).\r\nERROR: Repository not found.\nfatal: Could not read from remote repository.\n\nPlease make sure you have the correct access rights\nand the repository exists.\n\n"
      code: 128
      stack: "Error: Command failed: git ls-remote --refs git+ssh://git@github.com/aeternity/aepp-sdk.git feature/channels\nFailed to add the RSA host key for IP address '140.82.118.4' to the list of known hosts (/home/test/.ssh/known_hosts).\r\nERROR: Repository not found.\nfatal: Could not read from remote repository.\n\nPlease make sure you have the correct access rights\nand the repository exists.\n\n\n    at makeError (/usr/lib/node_modules/pnpm/lib/node_modules/execa/index.js:174:9)\n    at Promise.all.then.arr (/usr/lib/node_modules/pnpm/lib/node_modules/execa/index.js:278:16)\n    at process.internalTickCallback (internal/process/next_tick.js:77:7)"
